<?xml version="1.0" encoding="UTF-8"?>
<testng-results skipped="0" failed="0" ignored="0" total="4" passed="4">
  <reporter-output>
  </reporter-output>
  <suite name="Default suite" duration-ms="20761" started-at="2020-05-22T11:49:54 MESZ" finished-at="2020-05-22T11:50:15 MESZ">
    <groups>
    </groups>
    <test name="Default test" duration-ms="20761" started-at="2020-05-22T11:49:54 MESZ" finished-at="2020-05-22T11:50:15 MESZ">
      <class name="Utils.ExcelDataProvider">
        <test-method status="PASS" signature="SetupTest()[pri:0, instance:Utils.ExcelDataProvider@5f3a4b84]" name="SetupTest" is-config="true" duration-ms="5867" started-at="2020-05-22T11:49:54 MESZ" finished-at="2020-05-22T11:50:00 MESZ">
          <reporter-output>
          </reporter-output>
        </test-method> <!-- SetupTest -->
        <test-method status="PASS" signature="test1(java.lang.String, java.lang.String)[pri:0, instance:Utils.ExcelDataProvider@5f3a4b84]" name="test1" duration-ms="4173" started-at="2020-05-22T11:50:00 MESZ" data-provider="testData1" finished-at="2020-05-22T11:50:04 MESZ">
          <params>
            <param index="0">
              <value>
                <![CDATA[Admin]]>
              </value>
            </param>
            <param index="1">
              <value>
                <![CDATA[Admin1234]]>
              </value>
            </param>
          </params>
          <reporter-output>
          </reporter-output>
        </test-method> <!-- test1 -->
        <test-method status="PASS" signature="test1(java.lang.String, java.lang.String)[pri:0, instance:Utils.ExcelDataProvider@5f3a4b84]" name="test1" duration-ms="4472" started-at="2020-05-22T11:50:04 MESZ" data-provider="testData1" finished-at="2020-05-22T11:50:09 MESZ">
          <params>
            <param index="0">
              <value>
                <![CDATA[bhdr]]>
              </value>
            </param>
            <param index="1">
              <value>
                <![CDATA[wert3]]>
              </value>
            </param>
          </params>
          <reporter-output>
          </reporter-output>
        </test-method> <!-- test1 -->
        <test-method status="PASS" signature="test1(java.lang.String, java.lang.String)[pri:0, instance:Utils.ExcelDataProvider@5f3a4b84]" name="test1" duration-ms="2880" started-at="2020-05-22T11:50:09 MESZ" data-provider="testData1" finished-at="2020-05-22T11:50:12 MESZ">
          <params>
            <param index="0">
              <value>
                <![CDATA[amsel]]>
              </value>
            </param>
            <param index="1">
              <value>
                <![CDATA[wer4]]>
              </value>
            </param>
          </params>
          <reporter-output>
          </reporter-output>
        </test-method> <!-- test1 -->
        <test-method status="PASS" signature="test1(java.lang.String, java.lang.String)[pri:0, instance:Utils.ExcelDataProvider@5f3a4b84]" name="test1" duration-ms="2868" started-at="2020-05-22T11:50:12 MESZ" data-provider="testData1" finished-at="2020-05-22T11:50:15 MESZ">
          <params>
            <param index="0">
              <value>
                <![CDATA[tets ]]>
              </value>
            </param>
            <param index="1">
              <value>
                <![CDATA[a2222222]]>
              </value>
            </param>
          </params>
          <reporter-output>
          </reporter-output>
        </test-method> <!-- test1 -->
      </class> <!-- Utils.ExcelDataProvider -->
    </test> <!-- Default test -->
  </suite> <!-- Default suite -->
</testng-results>
