<?xml version="1.0" encoding="UTF-8"?>
<!-- Generated by org.testng.reporters.JUnitXMLReporter -->
<testsuite hostname="Laptop-BHDR" ignored="0" name="Default test" tests="4" failures="0" timestamp="2020-05-22T11:50:15 MESZ" time="20.761" errors="0">
  <testcase name="test1" time="4.173" classname="Utils.ExcelDataProvider"/>
  <testcase name="test1" time="4.472" classname="Utils.ExcelDataProvider"/>
  <testcase name="test1" time="2.88" classname="Utils.ExcelDataProvider"/>
  <testcase name="test1" time="2.868" classname="Utils.ExcelDataProvider"/>
</testsuite> <!-- Default test -->
