<?xml version="1.0" encoding="UTF-8"?>
<!-- Generated by org.testng.reporters.JUnitXMLReporter -->
<testsuite hostname="Laptop-BHDR" ignored="0" name="TestOnFirfefox" tests="3" failures="0" timestamp="2020-04-22T08:32:20 MESZ" time="14.857" errors="0">
  <testcase name="test" time="5.81" classname="Demo.TestNGMultipleBrowserDemo"/>
  <testcase name="test" time="6.602" classname="Demo.TestNGMultipleBrowserDemo"/>
  <testcase name="test" time="7.567" classname="Demo.TestNGMultipleBrowserDemo"/>
</testsuite> <!-- TestOnFirfefox -->
