<?xml version="1.0" encoding="UTF-8"?>
<!-- Generated by org.testng.reporters.JUnitXMLReporter -->
<testsuite hostname="Laptop-BHDR" ignored="6" tests="0" failures="0" timestamp="2020-04-22T08:33:11 MESZ" time="0.006" errors="0">
  <testcase name="test4" time="0.0" classname="Demo.TestNGGroupDemo">
    <ignored/>
  </testcase> <!-- test4 -->
  <testcase name="test3" time="0.0" classname="Demo.TestNGGroupDemo">
    <ignored/>
  </testcase> <!-- test3 -->
  <testcase name="test2" time="0.0" classname="Demo.TestNGGroupDemo">
    <ignored/>
  </testcase> <!-- test2 -->
  <testcase name="test6" time="0.0" classname="Demo.TestNGGroupDemo">
    <ignored/>
  </testcase> <!-- test6 -->
  <testcase name="test1" time="0.0" classname="Demo.TestNGGroupDemo">
    <ignored/>
  </testcase> <!-- test1 -->
  <testcase name="test5" time="0.0" classname="Demo.TestNGGroupDemo">
    <ignored/>
  </testcase> <!-- test5 -->
</testsuite>
